
C:\Aplica_New\SC_PR_SP\Level_1\exe>mpiexec -np 10 MOHIDWater_MPI  1>Mohid.log 

C:\Aplica_New\SC_PR_SP\Level_1\exe>DomainConsolidation
 -------------------------- MOHID -------------------------
 
       AUTHOR   : IST/MARETEC, Marine Modelling Group      
       WWW      : http://www.mohid.com
 
 
 Copyright (C) 1985, 1998, 2002, 2006.
 Instituto Superior Tecnico, Technical University of Lisbon
 -------------------------- MOHID -------------------------
 
 Constructing DomainDecompositionConsolidation
 Please Wait...
 
 ..\res\Turbulence_2.hdf5
 
 ..\res\Hydrodynamic_2.hdf5
 
 ..\res\Assimilation_2.hdf5
 
 ..\res\Hydrodynamic_2.fin
 
 -------------------------- MOHID -------------------------
 
 Program MohidDDC successfully terminated
 
 
 Total Elapsed Time     :          82.45   0h  1min 22s

 Total CPU time         :          74.08

 CPU usage (%)          :          89.84

 
 ----------------------------------------------------------

C:\Aplica_New\SC_PR_SP\Level_1\exe>mpiexec -np 10 MOHIDWater_MPI  1>Mohid.log 

C:\Aplica_New\SC_PR_SP\Level_1\exe>DomainConsolidation
 -------------------------- MOHID -------------------------
 
       AUTHOR   : IST/MARETEC, Marine Modelling Group      
       WWW      : http://www.mohid.com
 
 
 Copyright (C) 1985, 1998, 2002, 2006.
 Instituto Superior Tecnico, Technical University of Lisbon
 -------------------------- MOHID -------------------------
 
 Constructing DomainDecompositionConsolidation
 Please Wait...
 
 ..\res\Turbulence_2.hdf5
 
 ..\res\Hydrodynamic_2.hdf5
 
 ..\res\Assimilation_2.hdf5
 
 ..\res\Hydrodynamic_2.fin
 
 -------------------------- MOHID -------------------------
 
 Program MohidDDC successfully terminated
 
 
 Total Elapsed Time     :          82.51   0h  1min 22s

 Total CPU time         :          74.89

 CPU usage (%)          :          90.76

 
 ----------------------------------------------------------

C:\Aplica_New\SC_PR_SP\Level_1\exe>mpiexec -np 10 MOHIDWater_MPI  1>Mohid.log 

C:\Aplica_New\SC_PR_SP\Level_1\exe>DomainConsolidation
 -------------------------- MOHID -------------------------
 
       AUTHOR   : IST/MARETEC, Marine Modelling Group      
       WWW      : http://www.mohid.com
 
 
 Copyright (C) 1985, 1998, 2002, 2006.
 Instituto Superior Tecnico, Technical University of Lisbon
 -------------------------- MOHID -------------------------
 
 Constructing DomainDecompositionConsolidation
 Please Wait...
 
 ..\res\Turbulence_2.hdf5
 
 ..\res\Hydrodynamic_2.hdf5
 
 ..\res\Assimilation_2.hdf5
 
 ..\res\Hydrodynamic_2.fin
 
 -------------------------- MOHID -------------------------
 
 Program MohidDDC successfully terminated
 
 
 Total Elapsed Time     :          80.21   0h  1min 20s

 Total CPU time         :          75.17

 CPU usage (%)          :          93.71

 
 ----------------------------------------------------------

C:\Aplica_New\SC_PR_SP\Level_1\exe>mpiexec -np 10 MOHIDWater_MPI  1>Mohid.log 

C:\Aplica_New\SC_PR_SP\Level_1\exe>DomainConsolidation
 -------------------------- MOHID -------------------------
 
       AUTHOR   : IST/MARETEC, Marine Modelling Group      
       WWW      : http://www.mohid.com
 
 
 Copyright (C) 1985, 1998, 2002, 2006.
 Instituto Superior Tecnico, Technical University of Lisbon
 -------------------------- MOHID -------------------------
 
 Constructing DomainDecompositionConsolidation
 Please Wait...
 
 ..\res\Turbulence_2.hdf5
 
 ..\res\Hydrodynamic_2.hdf5
 
 ..\res\Assimilation_2.hdf5
 
 ..\res\Hydrodynamic_2.fin
 
 -------------------------- MOHID -------------------------
 
 Program MohidDDC successfully terminated
 
 
 Total Elapsed Time     :          79.11   0h  1min 19s

 Total CPU time         :          75.52

 CPU usage (%)          :          95.46

 
 ----------------------------------------------------------

C:\Aplica_New\SC_PR_SP\Level_1\exe>mpiexec -np 10 MOHIDWater_MPI  1>Mohid.log 

C:\Aplica_New\SC_PR_SP\Level_1\exe>DomainConsolidation
 -------------------------- MOHID -------------------------
 
       AUTHOR   : IST/MARETEC, Marine Modelling Group      
       WWW      : http://www.mohid.com
 
 
 Copyright (C) 1985, 1998, 2002, 2006.
 Instituto Superior Tecnico, Technical University of Lisbon
 -------------------------- MOHID -------------------------
 
 Constructing DomainDecompositionConsolidation
 Please Wait...
 
 ..\res\Turbulence_2.hdf5
 
 ..\res\Hydrodynamic_2.hdf5
 
 ..\res\Assimilation_2.hdf5
 
 ..\res\Hydrodynamic_2.fin
 
 -------------------------- MOHID -------------------------
 
 Program MohidDDC successfully terminated
 
 
 Total Elapsed Time     :          82.19   0h  1min 22s

 Total CPU time         :          77.58

 CPU usage (%)          :          94.39

 
 ----------------------------------------------------------

C:\Aplica_New\SC_PR_SP\Level_1\exe>mpiexec -np 10 MOHIDWater_MPI  1>Mohid.log 

C:\Aplica_New\SC_PR_SP\Level_1\exe>DomainConsolidation
 -------------------------- MOHID -------------------------
 
       AUTHOR   : IST/MARETEC, Marine Modelling Group      
       WWW      : http://www.mohid.com
 
 
 Copyright (C) 1985, 1998, 2002, 2006.
 Instituto Superior Tecnico, Technical University of Lisbon
 -------------------------- MOHID -------------------------
 
 Constructing DomainDecompositionConsolidation
 Please Wait...
 
 ..\res\Turbulence_2.hdf5
 
 ..\res\Hydrodynamic_2.hdf5
 
 ..\res\Assimilation_2.hdf5
 
 ..\res\Hydrodynamic_2.fin
 
 -------------------------- MOHID -------------------------
 
 Program MohidDDC successfully terminated
 
 
 Total Elapsed Time     :          89.33   0h  1min 29s

 Total CPU time         :          76.91

 CPU usage (%)          :          86.09

 
 ----------------------------------------------------------

C:\Aplica_New\SC_PR_SP\Level_1\exe>mpiexec -np 10 MOHIDWater_MPI  1>Mohid.log 

C:\Aplica_New\SC_PR_SP\Level_1\exe>DomainConsolidation
 -------------------------- MOHID -------------------------
 
       AUTHOR   : IST/MARETEC, Marine Modelling Group      
       WWW      : http://www.mohid.com
 
 
 Copyright (C) 1985, 1998, 2002, 2006.
 Instituto Superior Tecnico, Technical University of Lisbon
 -------------------------- MOHID -------------------------
 
 Constructing DomainDecompositionConsolidation
 Please Wait...
 
 ..\res\Turbulence_2.hdf5
 
 ..\res\Hydrodynamic_2.hdf5
 
 ..\res\Assimilation_2.hdf5
 
 ..\res\Hydrodynamic_2.fin
 
 -------------------------- MOHID -------------------------
 
 Program MohidDDC successfully terminated
 
 
 Total Elapsed Time     :          84.92   0h  1min 24s

 Total CPU time         :          78.27

 CPU usage (%)          :          92.17

 
 ----------------------------------------------------------

C:\Aplica_New\SC_PR_SP\Level_1\exe>mpiexec -np 10 MOHIDWater_MPI  1>Mohid.log 

C:\Aplica_New\SC_PR_SP\Level_1\exe>DomainConsolidation
 -------------------------- MOHID -------------------------
 
       AUTHOR   : IST/MARETEC, Marine Modelling Group      
       WWW      : http://www.mohid.com
 
 
 Copyright (C) 1985, 1998, 2002, 2006.
 Instituto Superior Tecnico, Technical University of Lisbon
 -------------------------- MOHID -------------------------
 
 Constructing DomainDecompositionConsolidation
 Please Wait...
 
 ..\res\Turbulence_2.hdf5
 
 ..\res\Hydrodynamic_2.hdf5
 
 ..\res\Assimilation_2.hdf5
 
 ..\res\Hydrodynamic_2.fin
 
 -------------------------- MOHID -------------------------
 
 Program MohidDDC successfully terminated
 
 
 Total Elapsed Time     :          86.52   0h  1min 26s

 Total CPU time         :          77.83

 CPU usage (%)          :          89.96

 
 ----------------------------------------------------------

C:\Aplica_New\SC_PR_SP\Level_1\exe>mpiexec -np 10 MOHIDWater_MPI  1>Mohid.log 

C:\Aplica_New\SC_PR_SP\Level_1\exe>DomainConsolidation
 -------------------------- MOHID -------------------------
 
       AUTHOR   : IST/MARETEC, Marine Modelling Group      
       WWW      : http://www.mohid.com
 
 
 Copyright (C) 1985, 1998, 2002, 2006.
 Instituto Superior Tecnico, Technical University of Lisbon
 -------------------------- MOHID -------------------------
 
 Constructing DomainDecompositionConsolidation
 Please Wait...
 
 ..\res\Turbulence_2.hdf5
 
 ..\res\Hydrodynamic_2.hdf5
 
 ..\res\Assimilation_2.hdf5
 
 ..\res\Hydrodynamic_2.fin
 
 -------------------------- MOHID -------------------------
 
 Program MohidDDC successfully terminated
 
 
 Total Elapsed Time     :          93.27   0h  1min 33s

 Total CPU time         :          87.30

 CPU usage (%)          :          93.60

 
 ----------------------------------------------------------

C:\Aplica_New\SC_PR_SP\Level_1\exe>mpiexec -np 10 MOHIDWater_MPI  1>Mohid.log 

C:\Aplica_New\SC_PR_SP\Level_1\exe>DomainConsolidation
 -------------------------- MOHID -------------------------
 
       AUTHOR   : IST/MARETEC, Marine Modelling Group      
       WWW      : http://www.mohid.com
 
 
 Copyright (C) 1985, 1998, 2002, 2006.
 Instituto Superior Tecnico, Technical University of Lisbon
 -------------------------- MOHID -------------------------
 
 Constructing DomainDecompositionConsolidation
 Please Wait...
 
 ..\res\Turbulence_2.hdf5
 
 ..\res\Hydrodynamic_2.hdf5
 
 ..\res\Assimilation_2.hdf5
 
 ..\res\Hydrodynamic_2.fin
 
 -------------------------- MOHID -------------------------
 
 Program MohidDDC successfully terminated
 
 
 Total Elapsed Time     :          98.79   0h  1min 38s

 Total CPU time         :          91.61

 CPU usage (%)          :          92.73

 
 ----------------------------------------------------------

C:\Aplica_New\SC_PR_SP\Level_1\exe>mpiexec -np 10 MOHIDWater_MPI  1>Mohid.log 

C:\Aplica_New\SC_PR_SP\Level_1\exe>DomainConsolidation
 -------------------------- MOHID -------------------------
 
       AUTHOR   : IST/MARETEC, Marine Modelling Group      
       WWW      : http://www.mohid.com
 
 
 Copyright (C) 1985, 1998, 2002, 2006.
 Instituto Superior Tecnico, Technical University of Lisbon
 -------------------------- MOHID -------------------------
 
 Constructing DomainDecompositionConsolidation
 Please Wait...
 
 ..\res\Turbulence_2.hdf5
 
 ..\res\Hydrodynamic_2.hdf5
 
 ..\res\Assimilation_2.hdf5
 
 ..\res\Hydrodynamic_2.fin
 
 -------------------------- MOHID -------------------------
 
 Program MohidDDC successfully terminated
 
 
 Total Elapsed Time     :          93.26   0h  1min 33s

 Total CPU time         :          84.14

 CPU usage (%)          :          90.22

 
 ----------------------------------------------------------

C:\Aplica_New\SC_PR_SP\Level_1\exe>mpiexec -np 10 MOHIDWater_MPI  1>Mohid.log 

C:\Aplica_New\SC_PR_SP\Level_1\exe>DomainConsolidation
 -------------------------- MOHID -------------------------
 
       AUTHOR   : IST/MARETEC, Marine Modelling Group      
       WWW      : http://www.mohid.com
 
 
 Copyright (C) 1985, 1998, 2002, 2006.
 Instituto Superior Tecnico, Technical University of Lisbon
 -------------------------- MOHID -------------------------
 
 Constructing DomainDecompositionConsolidation
 Please Wait...
 
 ..\res\Turbulence_2.hdf5
 
 ..\res\Hydrodynamic_2.hdf5
 
 ..\res\Assimilation_2.hdf5
 
 ..\res\Hydrodynamic_2.fin
 
 -------------------------- MOHID -------------------------
 
 Program MohidDDC successfully terminated
 
 
 Total Elapsed Time     :         100.33   0h  1min 40s

 Total CPU time         :          92.06

 CPU usage (%)          :          91.76

 
 ----------------------------------------------------------

C:\Aplica_New\SC_PR_SP\Level_1\exe>mpiexec -np 10 MOHIDWater_MPI  1>Mohid.log 

C:\Aplica_New\SC_PR_SP\Level_1\exe>DomainConsolidation
 -------------------------- MOHID -------------------------
 
       AUTHOR   : IST/MARETEC, Marine Modelling Group      
       WWW      : http://www.mohid.com
 
 
 Copyright (C) 1985, 1998, 2002, 2006.
 Instituto Superior Tecnico, Technical University of Lisbon
 -------------------------- MOHID -------------------------
 
 Constructing DomainDecompositionConsolidation
 Please Wait...
 
 ..\res\Turbulence_2.hdf5
 
 ..\res\Hydrodynamic_2.hdf5
 
 ..\res\Assimilation_2.hdf5
 
 ..\res\Hydrodynamic_2.fin
 
 -------------------------- MOHID -------------------------
 
 Program MohidDDC successfully terminated
 
 
 Total Elapsed Time     :          91.01   0h  1min 31s

 Total CPU time         :          82.61

 CPU usage (%)          :          90.77

 
 ----------------------------------------------------------

C:\Aplica_New\SC_PR_SP\Level_1\exe>mpiexec -np 10 MOHIDWater_MPI  1>Mohid.log 

C:\Aplica_New\SC_PR_SP\Level_1\exe>DomainConsolidation
 -------------------------- MOHID -------------------------
 
       AUTHOR   : IST/MARETEC, Marine Modelling Group      
       WWW      : http://www.mohid.com
 
 
 Copyright (C) 1985, 1998, 2002, 2006.
 Instituto Superior Tecnico, Technical University of Lisbon
 -------------------------- MOHID -------------------------
 
 Constructing DomainDecompositionConsolidation
 Please Wait...
 
 ..\res\Turbulence_2.hdf5
 
 ..\res\Hydrodynamic_2.hdf5
 
 ..\res\Assimilation_2.hdf5
 
 ..\res\Hydrodynamic_2.fin
 
 -------------------------- MOHID -------------------------
 
 Program MohidDDC successfully terminated
 
 
 Total Elapsed Time     :          88.56   0h  1min 28s

 Total CPU time         :          81.69

 CPU usage (%)          :          92.24

 
 ----------------------------------------------------------

C:\Aplica_New\SC_PR_SP\Level_1\exe>mpiexec -np 10 MOHIDWater_MPI  1>Mohid.log 

C:\Aplica_New\SC_PR_SP\Level_1\exe>DomainConsolidation
 -------------------------- MOHID -------------------------
 
       AUTHOR   : IST/MARETEC, Marine Modelling Group      
       WWW      : http://www.mohid.com
 
 
 Copyright (C) 1985, 1998, 2002, 2006.
 Instituto Superior Tecnico, Technical University of Lisbon
 -------------------------- MOHID -------------------------
 
 Constructing DomainDecompositionConsolidation
 Please Wait...
 
 ..\res\Turbulence_2.hdf5
 
 ..\res\Hydrodynamic_2.hdf5
 
 ..\res\Assimilation_2.hdf5
 
 ..\res\Hydrodynamic_2.fin
 
 -------------------------- MOHID -------------------------
 
 Program MohidDDC successfully terminated
 
 
 Total Elapsed Time     :          83.58   0h  1min 23s

 Total CPU time         :          75.52

 CPU usage (%)          :          90.35

 
 ----------------------------------------------------------

C:\Aplica_New\SC_PR_SP\Level_1\exe>mpiexec -np 10 MOHIDWater_MPI  1>Mohid.log 

C:\Aplica_New\SC_PR_SP\Level_1\exe>DomainConsolidation
 -------------------------- MOHID -------------------------
 
       AUTHOR   : IST/MARETEC, Marine Modelling Group      
       WWW      : http://www.mohid.com
 
 
 Copyright (C) 1985, 1998, 2002, 2006.
 Instituto Superior Tecnico, Technical University of Lisbon
 -------------------------- MOHID -------------------------
 
 Constructing DomainDecompositionConsolidation
 Please Wait...
 
 ..\res\Turbulence_2.hdf5
 
 ..\res\Hydrodynamic_2.hdf5
 
 ..\res\Assimilation_2.hdf5
 
 ..\res\Hydrodynamic_2.fin
 
 -------------------------- MOHID -------------------------
 
 Program MohidDDC successfully terminated
 
 
 Total Elapsed Time     :          80.72   0h  1min 20s

 Total CPU time         :          75.36

 CPU usage (%)          :          93.36

 
 ----------------------------------------------------------

C:\Aplica_New\SC_PR_SP\Level_1\exe>mpiexec -np 10 MOHIDWater_MPI  1>Mohid.log 

C:\Aplica_New\SC_PR_SP\Level_1\exe>DomainConsolidation
 -------------------------- MOHID -------------------------
 
       AUTHOR   : IST/MARETEC, Marine Modelling Group      
       WWW      : http://www.mohid.com
 
 
 Copyright (C) 1985, 1998, 2002, 2006.
 Instituto Superior Tecnico, Technical University of Lisbon
 -------------------------- MOHID -------------------------
 
 Constructing DomainDecompositionConsolidation
 Please Wait...
 
 ..\res\Turbulence_2.hdf5
 
 ..\res\Hydrodynamic_2.hdf5
 
 ..\res\Assimilation_2.hdf5
 
 ..\res\Hydrodynamic_2.fin
 
 -------------------------- MOHID -------------------------
 
 Program MohidDDC successfully terminated
 
 
 Total Elapsed Time     :          82.27   0h  1min 22s

 Total CPU time         :          75.17

 CPU usage (%)          :          91.38

 
 ----------------------------------------------------------

C:\Aplica_New\SC_PR_SP\Level_1\exe>mpiexec -np 10 MOHIDWater_MPI  1>Mohid.log 

C:\Aplica_New\SC_PR_SP\Level_1\exe>DomainConsolidation
 -------------------------- MOHID -------------------------
 
       AUTHOR   : IST/MARETEC, Marine Modelling Group      
       WWW      : http://www.mohid.com
 
 
 Copyright (C) 1985, 1998, 2002, 2006.
 Instituto Superior Tecnico, Technical University of Lisbon
 -------------------------- MOHID -------------------------
 
 Constructing DomainDecompositionConsolidation
 Please Wait...
 
 ..\res\Turbulence_2.hdf5
 
 ..\res\Hydrodynamic_2.hdf5
 
 ..\res\Assimilation_2.hdf5
 
 ..\res\Hydrodynamic_2.fin
 
 -------------------------- MOHID -------------------------
 
 Program MohidDDC successfully terminated
 
 
 Total Elapsed Time     :          81.93   0h  1min 21s

 Total CPU time         :          75.36

 CPU usage (%)          :          91.98

 
 ----------------------------------------------------------

C:\Aplica_New\SC_PR_SP\Level_1\exe>mpiexec -np 10 MOHIDWater_MPI  1>Mohid.log 

C:\Aplica_New\SC_PR_SP\Level_1\exe>DomainConsolidation
 -------------------------- MOHID -------------------------
 
       AUTHOR   : IST/MARETEC, Marine Modelling Group      
       WWW      : http://www.mohid.com
 
 
 Copyright (C) 1985, 1998, 2002, 2006.
 Instituto Superior Tecnico, Technical University of Lisbon
 -------------------------- MOHID -------------------------
 
 Constructing DomainDecompositionConsolidation
 Please Wait...
 
 ..\res\Turbulence_2.hdf5
 
 ..\res\Hydrodynamic_2.hdf5
 
 ..\res\Assimilation_2.hdf5
 
 ..\res\Hydrodynamic_2.fin
 
 -------------------------- MOHID -------------------------
 
 Program MohidDDC successfully terminated
 
 
 Total Elapsed Time     :          82.26   0h  1min 22s

 Total CPU time         :          75.67

 CPU usage (%)          :          91.99

 
 ----------------------------------------------------------

C:\Aplica_New\SC_PR_SP\Level_1\exe>mpiexec -np 10 MOHIDWater_MPI  1>Mohid.log 

C:\Aplica_New\SC_PR_SP\Level_1\exe>DomainConsolidation
 -------------------------- MOHID -------------------------
 
       AUTHOR   : IST/MARETEC, Marine Modelling Group      
       WWW      : http://www.mohid.com
 
 
 Copyright (C) 1985, 1998, 2002, 2006.
 Instituto Superior Tecnico, Technical University of Lisbon
 -------------------------- MOHID -------------------------
 
 Constructing DomainDecompositionConsolidation
 Please Wait...
 
 ..\res\Turbulence_2.hdf5
 
 ..\res\Hydrodynamic_2.hdf5
 
 ..\res\Assimilation_2.hdf5
 
 ..\res\Hydrodynamic_2.fin
 
 -------------------------- MOHID -------------------------
 
 Program MohidDDC successfully terminated
 
 
 Total Elapsed Time     :          80.10   0h  1min 20s

 Total CPU time         :          76.64

 CPU usage (%)          :          95.69

 
 ----------------------------------------------------------

C:\Aplica_New\SC_PR_SP\Level_1\exe>mpiexec -np 10 MOHIDWater_MPI  1>Mohid.log 
