 Registered Module  : EnterData
 Registered Instance: EnterData
 Instance ID        :            1
 
 
Stop Watch File
Keyword: OUTWATCH not found

 Registered Instance: EnterData
 Instance ID        :            1
 Registered Module  : Model
 Registered Instance: Model
 Instance ID        :            1
 Registered Instance: EnterData
 Instance ID        :            1
 Registered Instance: EnterData
 Instance ID        :            1
 Registered Module  : Time
 Registered Instance: Time
 Instance ID        :            1
 Registered Instance: EnterData
 Instance ID        :            2
 Registered Module  : HorizontalGrid
 Registered Instance: HorizontalGrid
 Instance ID        :            1
 Registered Instance: EnterData
 Instance ID        :            2
 Registered Instance: EnterData
 Instance ID        :            2
 Registered Module  : GridData
 Registered Instance: GridData
 Instance ID        :            1
 Registered Instance: EnterData
 Instance ID        :            1
 Registered Module  : HorizontalMap
 Registered Instance: HorizontalMap
 Instance ID        :            1
 Registered Module  : Geometry
 Registered Instance: Geometry
 Instance ID        :            1
 Registered Instance: EnterData
 Instance ID        :            1
 Registered Instance: EnterData
 Instance ID        :            1
 Registered Instance: EnterData
 Instance ID        :            1
 Registered Module  : Map
 Registered Instance: Map
 Instance ID        :            1
 Registered Module  : Turbulence
 Registered Instance: Turbulence
 Instance ID        :            1
 Registered Instance: EnterData
 Instance ID        :            1
 Registered Instance: EnterData
 Instance ID        :            1
 Registered Instance: EnterData
 Instance ID        :            1
 Registered Module  : FillMatrix
 Registered Instance: FillMatrix
 Instance ID        :            1
 Registered Module  : TurbGOTM
 Registered Instance: TurbGOTM
 Instance ID        :            1
 Registered Instance: EnterData
 Instance ID        :            2
 Registered Instance: EnterData
 Instance ID        :            2
 Registered Instance: EnterData
 Instance ID        :            2
 Registered Instance: HDF5
 Instance ID        :            1
 Registered Instance: HDF5
 Instance ID        :            1
 Registered Module  : TwoWay
 Registered Instance: TwoWay
 Instance ID        :            1
 Registered Module  : Hydrodynamic
 Registered Instance: Hydrodynamic
 Instance ID        :            1
 Registered Instance: EnterData
 Instance ID        :            1
 Registered Instance: EnterData
 Instance ID        :            1
 Registered Instance: EnterData
 Instance ID        :            1
 Registered Instance: EnterData
 Instance ID        :            1
 Registered Instance: EnterData
 Instance ID        :            1
 Registered Instance: EnterData
 Instance ID        :            1
WARNING    KEYWORD    Verify_Numerical_Options - Hydrodynamic - WRN21..
 Registered Instance: HDF5
 Instance ID        :            2
 Registered Instance: HDF5
 Instance ID        :            3
 Registered Module  : OpenBoundary
 Registered Instance: OpenBoundary
 Instance ID        :            1
 Registered Instance: HDF5
 Instance ID        :            4
 Registered Instance: HDF5
 Instance ID        :            5
 Registered Module  : Discharges
 Registered Instance: Discharges
 Instance ID        :            1
 Registered Instance: EnterData
 Instance ID        :            2
 Registered Instance: EnterData
 Instance ID        :            2
 Registered Module  : TimeSerie
 Registered Instance: TimeSerie
 Instance ID        :            1
 Registered Instance: EnterData
 Instance ID        :            3
 Registered Instance: TimeSerie
 Instance ID        :            2
 Registered Instance: EnterData
 Instance ID        :            3
 Registered Instance: TimeSerie
 Instance ID        :            3
 Registered Instance: EnterData
 Instance ID        :            3
 Registered Instance: TimeSerie
 Instance ID        :            4
 Registered Instance: EnterData
 Instance ID        :            3
 Registered Instance: TimeSerie
 Instance ID        :            5
 Registered Instance: EnterData
 Instance ID        :            3
 Registered Instance: TimeSerie
 Instance ID        :            6
 Registered Instance: EnterData
 Instance ID        :            3
 Registered Instance: TimeSerie
 Instance ID        :            7
 Registered Instance: EnterData
 Instance ID        :            3
 Registered Instance: TimeSerie
 Instance ID        :            8
 Registered Instance: EnterData
 Instance ID        :            3
 Registered Instance: TimeSerie
 Instance ID        :            9
 Registered Instance: EnterData
 Instance ID        :            3
 Registered Instance: TimeSerie
 Instance ID        :           10
 Registered Instance: EnterData
 Instance ID        :            3
 Registered Instance: TimeSerie
 Instance ID        :           11
 Registered Instance: EnterData
 Instance ID        :            3
 Registered Instance: TimeSerie
 Instance ID        :           12
 Registered Instance: EnterData
 Instance ID        :            3
 Registered Instance: TimeSerie
 Instance ID        :           13
 Registered Instance: EnterData
 Instance ID        :            3
 Registered Instance: TimeSerie
 Instance ID        :           14
 Registered Instance: EnterData
 Instance ID        :            3
 Registered Instance: TimeSerie
 Instance ID        :           15
 Registered Instance: EnterData
 Instance ID        :            3
 Registered Instance: TimeSerie
 Instance ID        :           16
 Registered Instance: EnterData
 Instance ID        :            3
 Registered Instance: TimeSerie
 Instance ID        :           17
 Registered Instance: EnterData
 Instance ID        :            3
 Registered Instance: TimeSerie
 Instance ID        :           18
 Registered Instance: EnterData
 Instance ID        :            3
 Registered Instance: TimeSerie
 Instance ID        :           19
 Registered Instance: EnterData
 Instance ID        :            3
 Registered Instance: TimeSerie
 Instance ID        :           20
 Registered Instance: EnterData
 Instance ID        :            3
 Registered Instance: TimeSerie
 Instance ID        :           21
 Registered Instance: EnterData
 Instance ID        :            3
 Registered Instance: TimeSerie
 Instance ID        :           22
 Registered Instance: EnterData
 Instance ID        :            3
 Registered Instance: TimeSerie
 Instance ID        :           23
 Registered Instance: EnterData
 Instance ID        :            3
 Registered Instance: TimeSerie
 Instance ID        :           24
 Registered Instance: EnterData
 Instance ID        :            3
 Registered Instance: TimeSerie
 Instance ID        :           25
 Registered Instance: EnterData
 Instance ID        :            3
 Registered Instance: TimeSerie
 Instance ID        :           26
 Registered Instance: EnterData
 Instance ID        :            3
 Registered Instance: TimeSerie
 Instance ID        :           27
 Registered Instance: EnterData
 Instance ID        :            3
 Registered Instance: TimeSerie
 Instance ID        :           28
 Registered Instance: EnterData
 Instance ID        :            3
 Registered Instance: TimeSerie
 Instance ID        :           29
 Registered Instance: EnterData
 Instance ID        :            3
 Registered Instance: TimeSerie
 Instance ID        :           30
 Registered Instance: EnterData
 Instance ID        :            3
 Registered Instance: TimeSerie
 Instance ID        :           31
 Registered Instance: EnterData
 Instance ID        :            3
 Registered Instance: TimeSerie
 Instance ID        :           32
 Registered Instance: EnterData
 Instance ID        :            3
 Registered Instance: TimeSerie
 Instance ID        :           33
 Registered Instance: EnterData
 Instance ID        :            3
 Registered Instance: TimeSerie
 Instance ID        :           34
 Registered Instance: EnterData
 Instance ID        :            3
 Registered Instance: TimeSerie
 Instance ID        :           35
 Registered Instance: EnterData
 Instance ID        :            3
 Registered Instance: TimeSerie
 Instance ID        :           36
 Registered Instance: EnterData
 Instance ID        :            3
 Registered Instance: TimeSerie
 Instance ID        :           37
 Registered Instance: EnterData
 Instance ID        :            3
 Registered Instance: TimeSerie
 Instance ID        :           38
 Registered Instance: EnterData
 Instance ID        :            3
 Registered Instance: TimeSerie
 Instance ID        :           39
 Registered Instance: EnterData
 Instance ID        :            3
 Registered Instance: TimeSerie
 Instance ID        :           40
 Registered Instance: EnterData
 Instance ID        :            3
 Registered Instance: TimeSerie
 Instance ID        :           41
 Registered Instance: EnterData
 Instance ID        :            3
 Registered Instance: TimeSerie
 Instance ID        :           42
 Registered Instance: EnterData
 Instance ID        :            3
 Registered Instance: TimeSerie
 Instance ID        :           43
 Registered Instance: EnterData
 Instance ID        :            3
 Registered Instance: TimeSerie
 Instance ID        :           44
 Registered Instance: EnterData
 Instance ID        :            3
 Registered Instance: TimeSerie
 Instance ID        :           45
 Registered Instance: EnterData
 Instance ID        :            3
 Registered Instance: TimeSerie
 Instance ID        :           46
 Registered Instance: EnterData
 Instance ID        :            3
 Registered Instance: TimeSerie
 Instance ID        :           47
 Registered Instance: EnterData
 Instance ID        :            3
 Registered Instance: TimeSerie
 Instance ID        :           48
 Registered Instance: EnterData
 Instance ID        :            3
 Registered Instance: TimeSerie
 Instance ID        :           49
 Registered Instance: EnterData
 Instance ID        :            3
 Registered Instance: TimeSerie
 Instance ID        :           50
 Registered Instance: EnterData
 Instance ID        :            3
 Registered Instance: TimeSerie
 Instance ID        :           51
 Registered Instance: EnterData
 Instance ID        :            3
 Registered Instance: TimeSerie
 Instance ID        :           52
 Registered Instance: EnterData
 Instance ID        :            3
 Registered Module  : Assimilation
 Registered Instance: Assimilation
 Instance ID        :            1
 Registered Instance: EnterData
 Instance ID        :            2
 Registered Instance: EnterData
 Instance ID        :            2
 Registered Instance: EnterData
 Instance ID        :            2
 Registered Instance: FillMatrix
 Instance ID        :            1
 Registered Instance: EnterData
 Instance ID        :            3
 Registered Instance: HorizontalGrid
 Instance ID        :            2
 Registered Instance: EnterData
 Instance ID        :            3
 Registered Module  : Field4D
 Registered Instance: Field4D
 Instance ID        :            1
 Registered Instance: HDF5
 Instance ID        :            4
 Registered Instance: HorizontalGrid
 Instance ID        :            2
 Registered Instance: GridData
 Instance ID        :            2
 Registered Instance: HorizontalMap
 Instance ID        :            2
 Registered Instance: Geometry
 Instance ID        :            2
 Registered Instance: Map
 Instance ID        :            2
 Registered Instance: FillMatrix
 Instance ID        :            2
 Registered Instance: FillMatrix
 Instance ID        :            2
 Registered Instance: EnterData
 Instance ID        :            3
 Registered Instance: HorizontalGrid
 Instance ID        :            3
 Registered Instance: EnterData
 Instance ID        :            3
 Registered Instance: Field4D
 Instance ID        :            2
 Registered Instance: HDF5
 Instance ID        :            5
 Registered Instance: HorizontalGrid
 Instance ID        :            3
 Registered Instance: GridData
 Instance ID        :            3
 Registered Instance: HorizontalMap
 Instance ID        :            3
 Registered Instance: Geometry
 Instance ID        :            3
 Registered Instance: Map
 Instance ID        :            3
 Registered Instance: FillMatrix
 Instance ID        :            3
 Registered Instance: FillMatrix
 Instance ID        :            3
 Registered Instance: EnterData
 Instance ID        :            3
 Registered Instance: HorizontalGrid
 Instance ID        :            4
 Registered Instance: EnterData
 Instance ID        :            3
 Registered Instance: Field4D
 Instance ID        :            3
 Registered Instance: HDF5
 Instance ID        :            6
 Registered Instance: HorizontalGrid
 Instance ID        :            4
 Registered Instance: GridData
 Instance ID        :            4
 Registered Instance: HorizontalMap
 Instance ID        :            4
 Registered Instance: FillMatrix
 Instance ID        :            4
 Registered Instance: FillMatrix
 Instance ID        :            4
 Registered Instance: EnterData
 Instance ID        :            3
 Registered Instance: HorizontalGrid
 Instance ID        :            5
 Registered Instance: EnterData
 Instance ID        :            3
 Registered Instance: Field4D
 Instance ID        :            4
 Registered Instance: HDF5
 Instance ID        :            7
 Registered Instance: HorizontalGrid
 Instance ID        :            5
 Registered Instance: GridData
 Instance ID        :            5
 Registered Instance: HorizontalMap
 Instance ID        :            5
 Registered Instance: Geometry
 Instance ID        :            4
 Registered Instance: Map
 Instance ID        :            4
 Registered Instance: FillMatrix
 Instance ID        :            5
 Registered Instance: FillMatrix
 Instance ID        :            5
 Registered Instance: EnterData
 Instance ID        :            3
 Registered Instance: HorizontalGrid
 Instance ID        :            6
 Registered Instance: EnterData
 Instance ID        :            3
 Registered Instance: Field4D
 Instance ID        :            5
 Registered Instance: HDF5
 Instance ID        :            8
 Registered Instance: HorizontalGrid
 Instance ID        :            6
 Registered Instance: GridData
 Instance ID        :            6
 Registered Instance: HorizontalMap
 Instance ID        :            6
 Registered Instance: Geometry
 Instance ID        :            5
 Registered Instance: Map
 Instance ID        :            5
 Registered Instance: FillMatrix
 Instance ID        :            6
 Registered Instance: FillMatrix
 Instance ID        :            6
 Registered Instance: EnterData
 Instance ID        :            3
 Registered Instance: HorizontalGrid
 Instance ID        :            7
 Registered Instance: EnterData
 Instance ID        :            3
 Registered Instance: Field4D
 Instance ID        :            6
 Registered Instance: HDF5
 Instance ID        :            9
 Registered Instance: HorizontalGrid
 Instance ID        :            7
 Registered Instance: GridData
 Instance ID        :            7
 Registered Instance: HorizontalMap
 Instance ID        :            7
 Registered Instance: FillMatrix
 Instance ID        :            7
 Registered Instance: FillMatrix
 Instance ID        :            7
 Registered Instance: EnterData
 Instance ID        :            3
 Registered Instance: HorizontalGrid
 Instance ID        :            8
 Registered Instance: EnterData
 Instance ID        :            3
 Registered Instance: Field4D
 Instance ID        :            7
 Registered Instance: HDF5
 Instance ID        :           10
 Registered Instance: HorizontalGrid
 Instance ID        :            8
 Registered Instance: GridData
 Instance ID        :            8
 Registered Instance: HorizontalMap
 Instance ID        :            8
