 -------------------------- MOHID -------------------------
 
       AUTHOR   : IST/MARETEC, Marine Modelling Group      
       WWW      : http://www.mohid.com
 
 
 Copyright (C) 1985, 1998, 2002, 2006.
 Instituto Superior Tecnico, Technical University of Lisbon
 -------------------------- MOHID -------------------------
 
 Constructing DomainDecompositionConsolidation
 Please Wait...
 
 ../res/Turbulence_2.hdf5
 
 ../res/Hydrodynamic_2.hdf5
 
 ../res/Hydrodynamic_2_Surface.hdf5
 
 ../res/Assimilation_2.hdf5
 
 ../res/WaterProperties_2.hdf5
 
 ../res/Atmosphere_2.hdf5
 
 ../res/WaterProperties_2.fin5
 
 ../res/Hydrodynamic_2.fin
 
 ../res/GOTM_2.fin
 
 -------------------------- MOHID -------------------------
 
 Program MohidDDC successfully terminated
 
 
 Total Elapsed Time     :         215.00   0h  3min 35s

 Total CPU time         :         214.97

 CPU usage (%)          :          99.99

 
 ----------------------------------------------------------
