 -------------------------- MOHID -------------------------
 
       AUTHOR   : IST/MARETEC, Marine Modelling Group      
       WWW      : http://www.mohid.com
 
 
 Copyright (C) 1985, 1998, 2002, 2006.
 Instituto Superior Tecnico, Technical University of Lisbon
 -------------------------- MOHID -------------------------
 
 Constructing DomainDecompositionConsolidation
 Please Wait...
 
 HDF5 file does not exist:../res/MPI_0_WaterProperties_1.fin5
ConstructHDF5 - ModuleHDF5 - ERR50
 -------------------------- MOHID -------------------------
 
       AUTHOR   : IST/MARETEC, Marine Modelling Group      
       WWW      : http://www.mohid.com
 
 
 Copyright (C) 1985, 1998, 2002, 2006.
 Instituto Superior Tecnico, Technical University of Lisbon
 -------------------------- MOHID -------------------------
 
 Constructing DomainDecompositionConsolidation
 Please Wait...
 
 -------------------------- MOHID -------------------------
 
 Program MohidDDC successfully terminated
 
 
 Total Elapsed Time     :           0.00   0h  0min  0s

 Total CPU time         :           0.00

 CPU usage (%)          :           0.00

 
 ----------------------------------------------------------
